<?xml version="1.0" encoding="UTF-8"?>
<testsuite xmlns:xsi="http://www.w3.org/2001/XMLSchema-instance" xsi:noNamespaceSchemaLocation="https://maven.apache.org/surefire/maven-surefire-plugin/xsd/surefire-test-report.xsd" version="3.0.2" name="com.compliance.dashboard.SmartPermitMonitoringSystemApplicationTests" time="6.514" tests="1" errors="0" skipped="0" failures="0" flakes="0">
  <properties>
[...]
</properties>
  <testcase name="contextLoads" classname="com.compliance.dashboard.SmartPermitMonitoringSystemApplicationTests" time="0.039">
    <system-out><![CDATA[15:25:42.930 [main] INFO org.springframework.test.context.support.AnnotationConfigContextLoaderUtils -- Could not detect default configuration classes for test class [com.compliance.dashboard.SmartPermitMonitoringSystemApplicationTests]: SmartPermitMonitoringSystemApplicationTests does not declare any static, non-private, non-final, nested classes annotated with @Configuration.
15:25:43.072 [main] INFO org.springframework.boot.test.context.SpringBootTestContextBootstrapper -- Found @SpringBootConfiguration com.compliance.dashboard.SmartPermitMonitoringSystemApplication for test class com.compliance.dashboard.SmartPermitMonitoringSystemApplicationTests
15:25:43.202 [main] INFO org.springframework.test.context.support.AnnotationConfigContextLoaderUtils -- Could not detect default configuration classes for test class [com.compliance.dashboard.SmartPermitMonitoringSystemApplicationTests]: SmartPermitMonitoringSystemApplicationTests does not declare any static, non-private, non-final, nested classes annotated with @Configuration.
15:25:43.205 [main] INFO org.springframework.boot.test.context.SpringBootTestContextBootstrapper -- Found @SpringBootConfiguration com.compliance.dashboard.SmartPermitMonitoringSystemApplication for test class com.compliance.dashboard.SmartPermitMonitoringSystemApplicationTests

  .   ____          _            __ _ _
 /\\ / ___'_ __ _ _(_)_ __  __ _ \ \ \ \
( ( )\___ | '_ | '_| | '_ \/ _` | \ \ \ \
 \\/  ___)| |_)| | | | | || (_| |  ) ) ) )
  '  |____| .__|_| |_|_| |_\__, | / / / /
 =========|_|==============|___/=/_/_/_/

 :: Spring Boot ::                (v4.0.6)

2026-05-09T15:25:43.626+05:30  INFO 16728 --- [           main] rtPermitMonitoringSystemApplicationTests : Starting SmartPermitMonitoringSystemApplicationTests using Java 26.0.1 with PID 16728 (started by shubh in C:\Users\shubh\OneDrive\Desktop\permitIQ)
2026-05-09T15:25:43.629+05:30  INFO 16728 --- [           main] rtPermitMonitoringSystemApplicationTests : No active profile set, falling back to 1 default profile: "default"
2026-05-09T15:25:44.858+05:30  INFO 16728 --- [           main] .s.d.r.c.RepositoryConfigurationDelegate : Bootstrapping Spring Data JPA repositories in DEFAULT mode.
2026-05-09T15:25:44.949+05:30  INFO 16728 --- [           main] .s.d.r.c.RepositoryConfigurationDelegate : Finished Spring Data repository scanning in 78 ms. Found 2 JPA repository interfaces.
2026-05-09T15:25:45.604+05:30  INFO 16728 --- [           main] org.hibernate.orm.jpa                    : HHH008540: Processing PersistenceUnitInfo [name: default]
2026-05-09T15:25:45.669+05:30  INFO 16728 --- [           main] org.hibernate.orm.core                   : HHH000001: Hibernate ORM core version 7.2.12.Final
2026-05-09T15:25:46.201+05:30  INFO 16728 --- [           main] o.s.o.j.p.SpringPersistenceUnitInfo      : No LoadTimeWeaver setup: ignoring JPA class transformer
2026-05-09T15:25:46.244+05:30  INFO 16728 --- [           main] com.zaxxer.hikari.HikariDataSource       : HikariPool-1 - Starting...
2026-05-09T15:25:46.414+05:30  INFO 16728 --- [           main] com.zaxxer.hikari.pool.HikariPool        : HikariPool-1 - Added connection conn0: url=jdbc:h2:mem:permit_test user=SA
2026-05-09T15:25:46.415+05:30  INFO 16728 --- [           main] com.zaxxer.hikari.HikariDataSource       : HikariPool-1 - Start completed.
2026-05-09T15:25:46.486+05:30  INFO 16728 --- [           main] org.hibernate.orm.connections.pooling    : HHH10001005: Database info:
	Database JDBC URL [jdbc:h2:mem:permit_test]
	Database driver: H2 JDBC Driver
	Database dialect: H2Dialect
	Database version: 2.4.240
	Default catalog/schema: permit_test/public
	Autocommit mode: undefined/unknown
	Isolation level: READ_COMMITTED [default READ_COMMITTED]
	JDBC fetch size: 100
	Pool: DataSourceConnectionProvider
	Minimum pool size: undefined/unknown
	Maximum pool size: undefined/unknown
2026-05-09T15:25:47.475+05:30  INFO 16728 --- [           main] org.hibernate.orm.core                   : HHH000489: No JTA platform available (set 'hibernate.transaction.jta.platform' to enable JTA platform integration)
2026-05-09T15:25:47.537+05:30  INFO 16728 --- [           main] j.LocalContainerEntityManagerFactoryBean : Initialized JPA EntityManagerFactory for persistence unit 'default'
2026-05-09T15:25:47.708+05:30  INFO 16728 --- [           main] o.s.d.j.r.query.QueryEnhancerFactories   : Hibernate is in classpath; If applicable, HQL parser will be used.
2026-05-09T15:25:48.059+05:30  INFO 16728 --- [           main] r$InitializeUserDetailsManagerConfigurer : Global AuthenticationManager configured with UserDetailsService bean with name customUserDetailsService
2026-05-09T15:25:49.153+05:30  INFO 16728 --- [           main] rtPermitMonitoringSystemApplicationTests : Started SmartPermitMonitoringSystemApplicationTests in 5.861 seconds (process running for 7.303)
]]></system-out>
  </testcase>
</testsuite>